<?xml version="1.0" encoding="UTF-8"?>
<testsuite name="com.mindex.challenge.RestTemplateTest" tests="6" skipped="0" failures="0" errors="0" timestamp="2024-08-27T22:06:00" hostname="MacBook-Pro" time="0.595">
  <properties/>
  <testcase name="testPutCompensation" classname="com.mindex.challenge.RestTemplateTest" time="0.529"/>
  <testcase name="testReadEmployee" classname="com.mindex.challenge.RestTemplateTest" time="0.015"/>
  <testcase name="testUpdateEmployee" classname="com.mindex.challenge.RestTemplateTest" time="0.015"/>
  <testcase name="testCreateEmployee" classname="com.mindex.challenge.RestTemplateTest" time="0.006"/>
  <testcase name="testReadEmployeeReportingStructure_noReportees" classname="com.mindex.challenge.RestTemplateTest" time="0.019"/>
  <testcase name="testReadEmployeeReportingStructure" classname="com.mindex.challenge.RestTemplateTest" time="0.007"/>
  <system-out><![CDATA[18:05:59.239 [Test worker] INFO org.springframework.test.context.support.AnnotationConfigContextLoaderUtils -- Could not detect default configuration classes for test class [com.mindex.challenge.RestTemplateTest]: RestTemplateTest does not declare any static, non-private, non-final, nested classes annotated with @Configuration.
18:05:59.293 [Test worker] INFO org.springframework.boot.test.context.SpringBootTestContextBootstrapper -- Found @SpringBootConfiguration com.mindex.challenge.ChallengeApplication for test class com.mindex.challenge.RestTemplateTest

  .   ____          _            __ _ _
 /\\ / ___'_ __ _ _(_)_ __  __ _ \ \ \ \
( ( )\___ | '_ | '_| | '_ \/ _` | \ \ \ \
 \\/  ___)| |_)| | | | | || (_| |  ) ) ) )
  '  |____| .__|_| |_|_| |_\__, | / / / /
 =========|_|==============|___/=/_/_/_/
 :: Spring Boot ::                (v3.2.3)

2024-08-27T18:05:59.484-04:00  INFO 18021 --- [    Test worker] com.mindex.challenge.RestTemplateTest    : Starting RestTemplateTest using Java 17.0.12 with PID 18021 (started by andrewbrown in /Users/andrewbrown/git/mindex-code-challenge)
2024-08-27T18:05:59.484-04:00 DEBUG 18021 --- [    Test worker] com.mindex.challenge.RestTemplateTest    : Running with Spring Boot v3.2.3, Spring v6.1.4
2024-08-27T18:05:59.485-04:00  INFO 18021 --- [    Test worker] com.mindex.challenge.RestTemplateTest    : No active profile set, falling back to 1 default profile: "default"
2024-08-27T18:05:59.655-04:00  INFO 18021 --- [    Test worker] .s.d.r.c.RepositoryConfigurationDelegate : Bootstrapping Spring Data MongoDB repositories in DEFAULT mode.
2024-08-27T18:05:59.672-04:00  INFO 18021 --- [    Test worker] .s.d.r.c.RepositoryConfigurationDelegate : Finished Spring Data repository scanning in 14 ms. Found 1 MongoDB repository interface.
2024-08-27T18:05:59.941-04:00  INFO 18021 --- [    Test worker] o.s.b.w.embedded.tomcat.TomcatWebServer  : Tomcat initialized with port 0 (http)
2024-08-27T18:05:59.946-04:00  INFO 18021 --- [    Test worker] o.apache.catalina.core.StandardService   : Starting service [Tomcat]
2024-08-27T18:05:59.946-04:00  INFO 18021 --- [    Test worker] o.apache.catalina.core.StandardEngine    : Starting Servlet engine: [Apache Tomcat/10.1.19]
2024-08-27T18:05:59.972-04:00  INFO 18021 --- [    Test worker] o.a.c.c.C.[Tomcat].[localhost].[/]       : Initializing Spring embedded WebApplicationContext
2024-08-27T18:05:59.973-04:00  INFO 18021 --- [    Test worker] w.s.c.ServletWebServerApplicationContext : Root WebApplicationContext: initialization completed in 477 ms
2024-08-27T18:06:00.067-04:00  INFO 18021 --- [    Test worker] de.bwaldvogel.mongo.MongoServer          : started MongoServer(port: 60288, ssl: false)
2024-08-27T18:06:00.112-04:00  INFO 18021 --- [    Test worker] org.mongodb.driver.client                : MongoClient with metadata {"driver": {"name": "mongo-java-driver|sync", "version": "4.11.1"}, "os": {"type": "Darwin", "name": "Mac OS X", "architecture": "aarch64", "version": "14.4"}, "platform": "Java/Oracle Corporation/17.0.12+8-LTS-286"} created with settings MongoClientSettings{readPreference=primary, writeConcern=WriteConcern{w=null, wTimeout=null ms, journal=null}, retryWrites=true, retryReads=true, readConcern=ReadConcern{level=null}, credential=null, transportSettings=null, streamFactoryFactory=null, commandListeners=[], codecRegistry=ProvidersCodecRegistry{codecProviders=[ValueCodecProvider{}, BsonValueCodecProvider{}, DBRefCodecProvider{}, DBObjectCodecProvider{}, DocumentCodecProvider{}, CollectionCodecProvider{}, IterableCodecProvider{}, MapCodecProvider{}, GeoJsonCodecProvider{}, GridFSFileCodecProvider{}, Jsr310CodecProvider{}, JsonObjectCodecProvider{}, BsonCodecProvider{}, EnumCodecProvider{}, com.mongodb.client.model.mql.ExpressionCodecProvider@53314f76, com.mongodb.Jep395RecordCodecProvider@62a6674f, com.mongodb.KotlinCodecProvider@70881123]}, loggerSettings=LoggerSettings{maxDocumentLength=1000}, clusterSettings={hosts=[localhost:60288], srvServiceName=mongodb, mode=SINGLE, requiredClusterType=UNKNOWN, requiredReplicaSetName='null', serverSelector='null', clusterListeners='[]', serverSelectionTimeout='30000 ms', localThreshold='15 ms'}, socketSettings=SocketSettings{connectTimeoutMS=10000, readTimeoutMS=0, receiveBufferSize=0, proxySettings=ProxySettings{host=null, port=null, username=null, password=null}}, heartbeatSocketSettings=SocketSettings{connectTimeoutMS=10000, readTimeoutMS=10000, receiveBufferSize=0, proxySettings=ProxySettings{host=null, port=null, username=null, password=null}}, connectionPoolSettings=ConnectionPoolSettings{maxSize=100, minSize=0, maxWaitTimeMS=120000, maxConnectionLifeTimeMS=0, maxConnectionIdleTimeMS=0, maintenanceInitialDelayMS=0, maintenanceFrequencyMS=60000, connectionPoolListeners=[], maxConnecting=2}, serverSettings=ServerSettings{heartbeatFrequencyMS=10000, minHeartbeatFrequencyMS=500, serverListeners='[]', serverMonitorListeners='[]'}, sslSettings=SslSettings{enabled=false, invalidHostNameAllowed=false, context=null}, applicationName='null', compressorList=[], uuidRepresentation=UNSPECIFIED, serverApi=null, autoEncryptionSettings=null, dnsClient=null, inetAddressResolver=null, contextProvider=null}
2024-08-27T18:06:00.128-04:00  INFO 18021 --- [-server-worker2] d.b.mongo.wire.MongoWireProtocolHandler  : client [id: 0x09fbf3a3, L:/127.0.0.1:60288 - R:/127.0.0.1:60290] connected
2024-08-27T18:06:00.128-04:00  INFO 18021 --- [-server-worker1] d.b.mongo.wire.MongoWireProtocolHandler  : client [id: 0x454562fb, L:/127.0.0.1:60288 - R:/127.0.0.1:60289] connected
2024-08-27T18:06:00.152-04:00  INFO 18021 --- [localhost:60288] org.mongodb.driver.cluster               : Monitor thread successfully connected to server with description ServerDescription{address=localhost:60288, type=STANDALONE, state=CONNECTED, ok=true, minWireVersion=0, maxWireVersion=6, maxDocumentSize=16777216, logicalSessionTimeoutMinutes=null, roundTripTimeNanos=38089625}
2024-08-27T18:06:00.326-04:00  INFO 18021 --- [-server-worker3] d.b.mongo.wire.MongoWireProtocolHandler  : client [id: 0xa9ba8f7b, L:/127.0.0.1:60288 - R:/127.0.0.1:60291] connected
2024-08-27T18:06:00.340-04:00  INFO 18021 --- [-server-worker3] d.b.mongo.backend.AbstractMongoBackend   : created database test
2024-08-27T18:06:00.342-04:00  INFO 18021 --- [-server-worker3] d.b.mongo.backend.AbstractMongoDatabase  : adding unique _id index for collection employee
2024-08-27T18:06:00.343-04:00  INFO 18021 --- [-server-worker3] d.b.mongo.backend.AbstractMongoDatabase  : created collection test.employee
2024-08-27T18:06:00.484-04:00  INFO 18021 --- [    Test worker] o.s.b.w.embedded.tomcat.TomcatWebServer  : Tomcat started on port 60292 (http) with context path ''
2024-08-27T18:06:00.493-04:00  INFO 18021 --- [    Test worker] com.mindex.challenge.RestTemplateTest    : Started RestTemplateTest in 1.134 seconds (process running for 1.589)
2024-08-27T18:06:00.962-04:00  INFO 18021 --- [o-auto-1-exec-2] o.a.c.c.C.[Tomcat].[localhost].[/]       : Initializing Spring DispatcherServlet 'dispatcherServlet'
2024-08-27T18:06:00.962-04:00  INFO 18021 --- [o-auto-1-exec-2] o.s.web.servlet.DispatcherServlet        : Initializing Servlet 'dispatcherServlet'
2024-08-27T18:06:00.963-04:00  INFO 18021 --- [o-auto-1-exec-2] o.s.web.servlet.DispatcherServlet        : Completed initialization in 1 ms
2024-08-27T18:06:00.980-04:00 DEBUG 18021 --- [o-auto-1-exec-2] c.m.c.controller.EmployeeController      : Received employee create request for [com.mindex.challenge.data.Employee@1b346c20]
2024-08-27T18:06:00.981-04:00 DEBUG 18021 --- [o-auto-1-exec-2] c.m.c.service.impl.EmployeeServiceImpl   : Creating employee [com.mindex.challenge.data.Employee@1b346c20]
2024-08-27T18:06:00.996-04:00 DEBUG 18021 --- [o-auto-1-exec-1] c.m.c.controller.CompensationController  : Received compensation create request for employee [7b2ef68b-d0f4-46f7-a7a7-95d12c6a30f7]
2024-08-27T18:06:01.032-04:00 DEBUG 18021 --- [o-auto-1-exec-3] c.m.c.controller.EmployeeController      : Received employee read request for id [16a596ae-edd3-4847-99fe-c4518e82c86f]
2024-08-27T18:06:01.032-04:00 DEBUG 18021 --- [o-auto-1-exec-3] c.m.c.service.impl.EmployeeServiceImpl   : Retrieving employee with id [16a596ae-edd3-4847-99fe-c4518e82c86f]
2024-08-27T18:06:01.047-04:00 DEBUG 18021 --- [o-auto-1-exec-4] c.m.c.controller.EmployeeController      : Received employee read request for id [16a596ae-edd3-4847-99fe-c4518e82c86f]
2024-08-27T18:06:01.047-04:00 DEBUG 18021 --- [o-auto-1-exec-4] c.m.c.service.impl.EmployeeServiceImpl   : Retrieving employee with id [16a596ae-edd3-4847-99fe-c4518e82c86f]
2024-08-27T18:06:01.055-04:00 DEBUG 18021 --- [o-auto-1-exec-5] c.m.c.controller.EmployeeController      : Received employee update request for id [16a596ae-edd3-4847-99fe-c4518e82c86f] and employee [com.mindex.challenge.data.Employee@2d522dea]
2024-08-27T18:06:01.055-04:00 DEBUG 18021 --- [o-auto-1-exec-5] c.m.c.service.impl.EmployeeServiceImpl   : Updating employee [com.mindex.challenge.data.Employee@2d522dea]
2024-08-27T18:06:01.064-04:00 DEBUG 18021 --- [o-auto-1-exec-6] c.m.c.controller.EmployeeController      : Received employee create request for [com.mindex.challenge.data.Employee@7ae5d66e]
2024-08-27T18:06:01.065-04:00 DEBUG 18021 --- [o-auto-1-exec-6] c.m.c.service.impl.EmployeeServiceImpl   : Creating employee [com.mindex.challenge.data.Employee@7ae5d66e]
2024-08-27T18:06:01.071-04:00 DEBUG 18021 --- [o-auto-1-exec-7] c.m.c.controller.EmployeeController      : Received employee create request for [com.mindex.challenge.data.Employee@3e31e91a]
2024-08-27T18:06:01.071-04:00 DEBUG 18021 --- [o-auto-1-exec-7] c.m.c.service.impl.EmployeeServiceImpl   : Creating employee [com.mindex.challenge.data.Employee@3e31e91a]
2024-08-27T18:06:01.090-04:00 DEBUG 18021 --- [o-auto-1-exec-9] c.m.c.controller.EmployeeController      : Received employee read reporting structure request for id [16a596ae-edd3-4847-99fe-c4518e82c86f]
2024-08-27T18:06:01.091-04:00 DEBUG 18021 --- [o-auto-1-exec-9] c.m.c.service.impl.EmployeeServiceImpl   : Retrieving employee reporting structure with id [16a596ae-edd3-4847-99fe-c4518e82c86f]
]]></system-out>
  <system-err><![CDATA[]]></system-err>
</testsuite>
